--------------------------------------------------------------------------------
Marvellous Indosystems Sat Jan 21 00:14:53 2023
--------------------------------------------------------------------------------

{'name': 'Code.exe', 'username': 'MSI\\Onkar Ople', 'pid': 556, 'vms': 78.37890625}
{'name': 'chrome.exe', 'username': 'MSI\\Onkar Ople', 'pid': 1480, 'vms': 205.09765625}
{'name': 'svchost.exe', 'username': 'MSI\\Onkar Ople', 'pid': 1860, 'vms': 10.20703125}
{'name': 'ONLINENT.EXE', 'username': 'MSI\\Onkar Ople', 'pid': 2556, 'vms': 6.38671875}
{'name': 'NVIDIA Share.exe', 'username': 'MSI\\Onkar Ople', 'pid': 2740, 'vms': 64.83984375}
{'name': 'SecurityHealthSystray.exe', 'username': 'MSI\\Onkar Ople', 'pid': 3224, 'vms': 1.9765625}
{'name': 'igfxEM.exe', 'username': 'MSI\\Onkar Ople', 'pid': 3528, 'vms': 7.75}
{'name': 'msedge.exe', 'username': 'MSI\\Onkar Ople', 'pid': 3716, 'vms': 49.82421875}
{'name': 'dllhost.exe', 'username': 'MSI\\Onkar Ople', 'pid': 3748, 'vms': 6.66796875}
{'name': 'chrome.exe', 'username': 'MSI\\Onkar Ople', 'pid': 3852, 'vms': 2.609375}
{'name': 'chrome.exe', 'username': 'MSI\\Onkar Ople', 'pid': 3884, 'vms': 36.19140625}
{'name': 'svchost.exe', 'username': 'MSI\\Onkar Ople', 'pid': 4036, 'vms': 7.19140625}
{'name': 'cpptools.exe', 'username': 'MSI\\Onkar Ople', 'pid': 4068, 'vms': 20.84375}
{'name': 'chrome.exe', 'username': 'MSI\\Onkar Ople', 'pid': 4104, 'vms': 7.875}
{'name': 'svchost.exe', 'username': 'MSI\\Onkar Ople', 'pid': 4264, 'vms': 7.60546875}
{'name': 'RuntimeBroker.exe', 'username': 'MSI\\Onkar Ople', 'pid': 4324, 'vms': 4.02734375}
{'name': 'nvcontainer.exe', 'username': 'MSI\\Onkar Ople', 'pid': 5936, 'vms': 7.75}
{'name': 'svchost.exe', 'username': 'MSI\\Onkar Ople', 'pid': 6292, 'vms': 4.01953125}
{'name': 'RuntimeBroker.exe', 'username': 'MSI\\Onkar Ople', 'pid': 6372, 'vms': 9.18359375}
{'name': 'Code.exe', 'username': 'MSI\\Onkar Ople', 'pid': 6468, 'vms': 605.3515625}
{'name': 'chrome.exe', 'username': 'MSI\\Onkar Ople', 'pid': 6892, 'vms': 7.9453125}
{'name': 'chrome.exe', 'username': 'MSI\\Onkar Ople', 'pid': 7084, 'vms': 415.95703125}
{'name': 'Code.exe', 'username': 'MSI\\Onkar Ople', 'pid': 7252, 'vms': 20.046875}
{'name': 'GameBarFTServer.exe', 'username': 'MSI\\Onkar Ople', 'pid': 7324, 'vms': 3.23046875}
{'name': 'RuntimeBroker.exe', 'username': 'MSI\\Onkar Ople', 'pid': 8200, 'vms': 1.4609375}
{'name': 'svchost.exe', 'username': 'MSI\\Onkar Ople', 'pid': 8468, 'vms': 5.47265625}
{'name': 'Nahimic3.exe', 'username': 'MSI\\Onkar Ople', 'pid': 8476, 'vms': 20.265625}
{'name': 'nvcontainer.exe', 'username': 'MSI\\Onkar Ople', 'pid': 8992, 'vms': 33.6015625}
{'name': 'NVIDIA Web Helper.exe', 'username': 'MSI\\Onkar Ople', 'pid': 9280, 'vms': 35.16015625}
{'name': 'taskhostw.exe', 'username': 'MSI\\Onkar Ople', 'pid': 9408, 'vms': 3.00390625}
{'name': 'IGCC.exe', 'username': 'MSI\\Onkar Ople', 'pid': 9436, 'vms': 14.67578125}
{'name': 'RtkUWP.exe', 'username': 'MSI\\Onkar Ople', 'pid': 9612, 'vms': 10.37109375}
{'name': 'RuntimeBroker.exe', 'username': 'MSI\\Onkar Ople', 'pid': 9628, 'vms': 10.07421875}
{'name': 'svchost.exe', 'username': 'MSI\\Onkar Ople', 'pid': 9660, 'vms': 2.6875}
{'name': 'NVIDIA Share.exe', 'username': 'MSI\\Onkar Ople', 'pid': 9676, 'vms': 19.6953125}
{'name': 'python.exe', 'username': 'MSI\\Onkar Ople', 'pid': 9696, 'vms': 12.46875}
{'name': 'Code.exe', 'username': 'MSI\\Onkar Ople', 'pid': 9872, 'vms': 39.86328125}
{'name': 'sihost.exe', 'username': 'MSI\\Onkar Ople', 'pid': 10108, 'vms': 6.58984375}
{'name': 'conhost.exe', 'username': 'MSI\\Onkar Ople', 'pid': 10344, 'vms': 6.43359375}
{'name': 'Amazon Music Helper.exe', 'username': 'MSI\\Onkar Ople', 'pid': 10440, 'vms': 2.0625}
{'name': 'utweb.exe', 'username': 'MSI\\Onkar Ople', 'pid': 10544, 'vms': 34.79296875}
{'name': 'chrome.exe', 'username': 'MSI\\Onkar Ople', 'pid': 10568, 'vms': 17.59375}
{'name': 'explorer.exe', 'username': 'MSI\\Onkar Ople', 'pid': 10632, 'vms': 115.8984375}
{'name': 'svchost.exe', 'username': 'MSI\\Onkar Ople', 'pid': 11136, 'vms': 7.64453125}
{'name': 'chrome.exe', 'username': 'MSI\\Onkar Ople', 'pid': 11344, 'vms': 27.125}
{'name': 'NVIDIA Share.exe', 'username': 'MSI\\Onkar Ople', 'pid': 11480, 'vms': 32.140625}
{'name': 'Widgets.exe', 'username': 'MSI\\Onkar Ople', 'pid': 11616, 'vms': 9.65234375}
{'name': 'SearchHost.exe', 'username': 'MSI\\Onkar Ople', 'pid': 11660, 'vms': 102.6796875}
{'name': 'StartMenuExperienceHost.exe', 'username': 'MSI\\Onkar Ople', 'pid': 11708, 'vms': 26.4765625}
{'name': 'chrome.exe', 'username': 'MSI\\Onkar Ople', 'pid': 11856, 'vms': 13.71875}
{'name': 'ApplicationFrameHost.exe', 'username': 'MSI\\Onkar Ople', 'pid': 11936, 'vms': 21.8203125}
{'name': 'svchost.exe', 'username': 'MSI\\Onkar Ople', 'pid': 11964, 'vms': 1.98828125}
{'name': 'AnyDesk.exe', 'username': 'MSI\\Onkar Ople', 'pid': 11976, 'vms': 20.7734375}
{'name': 'TextInputHost.exe', 'username': 'MSI\\Onkar Ople', 'pid': 11992, 'vms': 15.734375}
{'name': 'Code.exe', 'username': 'MSI\\Onkar Ople', 'pid': 12064, 'vms': 166.3984375}
{'name': 'RuntimeBroker.exe', 'username': 'MSI\\Onkar Ople', 'pid': 12072, 'vms': 5.9765625}
{'name': 'conhost.exe', 'username': 'MSI\\Onkar Ople', 'pid': 12192, 'vms': 5.42578125}
{'name': 'dllhost.exe', 'username': 'MSI\\Onkar Ople', 'pid': 12424, 'vms': 6.4296875}
{'name': 'GameBar.exe', 'username': 'MSI\\Onkar Ople', 'pid': 12524, 'vms': 20.4921875}
{'name': 'UserOOBEBroker.exe', 'username': 'MSI\\Onkar Ople', 'pid': 12564, 'vms': 1.9921875}
{'name': 'helper.exe', 'username': 'MSI\\Onkar Ople', 'pid': 12992, 'vms': 6.0}
{'name': 'RtkAudUService64.exe', 'username': 'MSI\\Onkar Ople', 'pid': 13036, 'vms': 7.05078125}
{'name': 'cmd.exe', 'username': 'MSI\\Onkar Ople', 'pid': 13288, 'vms': 2.2421875}
{'name': 'Cortana.exe', 'username': 'MSI\\Onkar Ople', 'pid': 13372, 'vms': 34.69921875}
{'name': 'SearchProtocolHost.exe', 'username': 'MSI\\Onkar Ople', 'pid': 13840, 'vms': 2.16796875}
{'name': 'chrome.exe', 'username': 'MSI\\Onkar Ople', 'pid': 13880, 'vms': 18.5625}
{'name': 'chrome.exe', 'username': 'MSI\\Onkar Ople', 'pid': 14220, 'vms': 20.05078125}
{'name': 'msedge.exe', 'username': 'MSI\\Onkar Ople', 'pid': 14244, 'vms': 2.0}
{'name': 'conhost.exe', 'username': 'MSI\\Onkar Ople', 'pid': 14292, 'vms': 5.421875}
{'name': 'chrome.exe', 'username': 'MSI\\Onkar Ople', 'pid': 14360, 'vms': 28.55078125}
{'name': 'msedge.exe', 'username': 'MSI\\Onkar Ople', 'pid': 14568, 'vms': 24.96484375}
{'name': 'msedge.exe', 'username': 'MSI\\Onkar Ople', 'pid': 14580, 'vms': 12.203125}
{'name': 'msedge.exe', 'username': 'MSI\\Onkar Ople', 'pid': 14604, 'vms': 7.63671875}
{'name': 'Code.exe', 'username': 'MSI\\Onkar Ople', 'pid': 14760, 'vms': 133.61328125}
{'name': 'msedge.exe', 'username': 'MSI\\Onkar Ople', 'pid': 14772, 'vms': 16.5859375}
{'name': 'Video.UI.exe', 'username': 'MSI\\Onkar Ople', 'pid': 14888, 'vms': 17.46484375}
{'name': 'SystemSettings.exe', 'username': 'MSI\\Onkar Ople', 'pid': 15120, 'vms': 39.3359375}
{'name': 'msedge.exe', 'username': 'MSI\\Onkar Ople', 'pid': 15160, 'vms': 19.05859375}
{'name': 'msedge.exe', 'username': 'MSI\\Onkar Ople', 'pid': 15168, 'vms': 77.82421875}
{'name': 'chrome.exe', 'username': 'MSI\\Onkar Ople', 'pid': 15292, 'vms': 29.0859375}
{'name': 'RuntimeBroker.exe', 'username': 'MSI\\Onkar Ople', 'pid': 15584, 'vms': 4.7265625}
{'name': 'chrome.exe', 'username': 'MSI\\Onkar Ople', 'pid': 15600, 'vms': 11.65625}
{'name': 'RuntimeBroker.exe', 'username': 'MSI\\Onkar Ople', 'pid': 15640, 'vms': 3.21484375}
{'name': 'svchost.exe', 'username': 'MSI\\Onkar Ople', 'pid': 15800, 'vms': 5.75}
{'name': 'chrome.exe', 'username': 'MSI\\Onkar Ople', 'pid': 15808, 'vms': 15.984375}
{'name': 'IAStorIcon.exe', 'username': 'MSI\\Onkar Ople', 'pid': 15952, 'vms': 34.9296875}
{'name': 'dllhost.exe', 'username': 'MSI\\Onkar Ople', 'pid': 16052, 'vms': 1.49609375}
{'name': 'chrome.exe', 'username': 'MSI\\Onkar Ople', 'pid': 16332, 'vms': 21.828125}
{'name': 'python.exe', 'username': 'MSI\\Onkar Ople', 'pid': 16588, 'vms': 23.8125}
{'name': 'chrome.exe', 'username': 'MSI\\Onkar Ople', 'pid': 16600, 'vms': 144.43359375}
{'name': 'conhost.exe', 'username': 'MSI\\Onkar Ople', 'pid': 16828, 'vms': 5.28515625}
{'name': 'smartscreen.exe', 'username': 'MSI\\Onkar Ople', 'pid': 16900, 'vms': 8.09765625}
{'name': 'chrome.exe', 'username': 'MSI\\Onkar Ople', 'pid': 17596, 'vms': 20.18359375}
{'name': 'cpptools.exe', 'username': 'MSI\\Onkar Ople', 'pid': 17680, 'vms': 5.6796875}
{'name': 'chrome.exe', 'username': 'MSI\\Onkar Ople', 'pid': 17792, 'vms': 16.1328125}
{'name': 'Code.exe', 'username': 'MSI\\Onkar Ople', 'pid': 17888, 'vms': 52.1015625}
{'name': 'Code.exe', 'username': 'MSI\\Onkar Ople', 'pid': 18868, 'vms': 21.79296875}
{'name': 'RuntimeBroker.exe', 'username': 'MSI\\Onkar Ople', 'pid': 19036, 'vms': 3.53125}
{'name': 'LockApp.exe', 'username': 'MSI\\Onkar Ople', 'pid': 19188, 'vms': 13.12890625}
{'name': 'Code.exe', 'username': 'MSI\\Onkar Ople', 'pid': 19520, 'vms': 11.96484375}
{'name': 'Code.exe', 'username': 'MSI\\Onkar Ople', 'pid': 19632, 'vms': 10.70703125}
{'name': 'Code.exe', 'username': 'MSI\\Onkar Ople', 'pid': 19752, 'vms': 60.26171875}
{'name': 'Code.exe', 'username': 'MSI\\Onkar Ople', 'pid': 20340, 'vms': 89.5}
