--------------------------------------------------------------------------------
Marvellous Indosystems Fri Jan 20 23:55:47 2023
--------------------------------------------------------------------------------

{'pid': 1480, 'name': 'chrome.exe', 'username': 'MSI\\Onkar Ople', 'vms': 190.5078125}
{'pid': 1860, 'name': 'svchost.exe', 'username': 'MSI\\Onkar Ople', 'vms': 9.9453125}
{'pid': 1924, 'name': 'Code.exe', 'username': 'MSI\\Onkar Ople', 'vms': 52.05859375}
{'pid': 2128, 'name': 'python.exe', 'username': 'MSI\\Onkar Ople', 'vms': 12.30859375}
{'pid': 2556, 'name': 'ONLINENT.EXE', 'username': 'MSI\\Onkar Ople', 'vms': 7.05859375}
{'pid': 2592, 'name': 'chrome.exe', 'username': 'MSI\\Onkar Ople', 'vms': 73.76953125}
{'pid': 2740, 'name': 'NVIDIA Share.exe', 'username': 'MSI\\Onkar Ople', 'vms': 64.046875}
{'pid': 3224, 'name': 'SecurityHealthSystray.exe', 'username': 'MSI\\Onkar Ople', 'vms': 1.9765625}
{'pid': 3528, 'name': 'igfxEM.exe', 'username': 'MSI\\Onkar Ople', 'vms': 7.63671875}
{'pid': 3716, 'name': 'msedge.exe', 'username': 'MSI\\Onkar Ople', 'vms': 49.78125}
{'pid': 3740, 'name': 'Code.exe', 'username': 'MSI\\Onkar Ople', 'vms': 674.890625}
{'pid': 3748, 'name': 'dllhost.exe', 'username': 'MSI\\Onkar Ople', 'vms': 6.33984375}
{'pid': 3852, 'name': 'chrome.exe', 'username': 'MSI\\Onkar Ople', 'vms': 2.609375}
{'pid': 3884, 'name': 'chrome.exe', 'username': 'MSI\\Onkar Ople', 'vms': 34.8046875}
{'pid': 4036, 'name': 'svchost.exe', 'username': 'MSI\\Onkar Ople', 'vms': 7.19140625}
{'pid': 4104, 'name': 'chrome.exe', 'username': 'MSI\\Onkar Ople', 'vms': 7.85546875}
{'pid': 4156, 'name': 'chrome.exe', 'username': 'MSI\\Onkar Ople', 'vms': 144.76953125}
{'pid': 4264, 'name': 'svchost.exe', 'username': 'MSI\\Onkar Ople', 'vms': 7.4609375}
{'pid': 4324, 'name': 'RuntimeBroker.exe', 'username': 'MSI\\Onkar Ople', 'vms': 3.9609375}
{'pid': 4912, 'name': 'chrome.exe', 'username': 'MSI\\Onkar Ople', 'vms': 18.07421875}
{'pid': 5424, 'name': 'chrome.exe', 'username': 'MSI\\Onkar Ople', 'vms': 95.46875}
{'pid': 5512, 'name': 'Code.exe', 'username': 'MSI\\Onkar Ople', 'vms': 12.71875}
{'pid': 5544, 'name': 'Code.exe', 'username': 'MSI\\Onkar Ople', 'vms': 83.8125}
{'pid': 5796, 'name': 'conhost.exe', 'username': 'MSI\\Onkar Ople', 'vms': 5.421875}
{'pid': 5936, 'name': 'nvcontainer.exe', 'username': 'MSI\\Onkar Ople', 'vms': 7.75}
{'pid': 6292, 'name': 'svchost.exe', 'username': 'MSI\\Onkar Ople', 'vms': 4.05078125}
{'pid': 6372, 'name': 'RuntimeBroker.exe', 'username': 'MSI\\Onkar Ople', 'vms': 8.96875}
{'pid': 6512, 'name': 'Code.exe', 'username': 'MSI\\Onkar Ople', 'vms': 40.2109375}
{'pid': 7084, 'name': 'chrome.exe', 'username': 'MSI\\Onkar Ople', 'vms': 407.3203125}
{'pid': 7324, 'name': 'GameBarFTServer.exe', 'username': 'MSI\\Onkar Ople', 'vms': 3.23046875}
{'pid': 8116, 'name': 'cpptools.exe', 'username': 'MSI\\Onkar Ople', 'vms': 20.71875}
{'pid': 8200, 'name': 'RuntimeBroker.exe', 'username': 'MSI\\Onkar Ople', 'vms': 1.37109375}
{'pid': 8468, 'name': 'svchost.exe', 'username': 'MSI\\Onkar Ople', 'vms': 5.47265625}
{'pid': 8476, 'name': 'Nahimic3.exe', 'username': 'MSI\\Onkar Ople', 'vms': 20.265625}
{'pid': 8992, 'name': 'nvcontainer.exe', 'username': 'MSI\\Onkar Ople', 'vms': 33.6015625}
{'pid': 9260, 'name': 'python.exe', 'username': 'MSI\\Onkar Ople', 'vms': 24.75390625}
{'pid': 9280, 'name': 'NVIDIA Web Helper.exe', 'username': 'MSI\\Onkar Ople', 'vms': 35.1015625}
{'pid': 9408, 'name': 'taskhostw.exe', 'username': 'MSI\\Onkar Ople', 'vms': 2.98046875}
{'pid': 9436, 'name': 'IGCC.exe', 'username': 'MSI\\Onkar Ople', 'vms': 14.67578125}
{'pid': 9612, 'name': 'RtkUWP.exe', 'username': 'MSI\\Onkar Ople', 'vms': 10.37109375}
{'pid': 9628, 'name': 'RuntimeBroker.exe', 'username': 'MSI\\Onkar Ople', 'vms': 9.91796875}
{'pid': 9660, 'name': 'svchost.exe', 'username': 'MSI\\Onkar Ople', 'vms': 2.6875}
{'pid': 9676, 'name': 'NVIDIA Share.exe', 'username': 'MSI\\Onkar Ople', 'vms': 19.625}
{'pid': 9948, 'name': 'Code.exe', 'username': 'MSI\\Onkar Ople', 'vms': 159.01171875}
{'pid': 10108, 'name': 'sihost.exe', 'username': 'MSI\\Onkar Ople', 'vms': 6.60546875}
{'pid': 10440, 'name': 'Amazon Music Helper.exe', 'username': 'MSI\\Onkar Ople', 'vms': 2.05859375}
{'pid': 10544, 'name': 'utweb.exe', 'username': 'MSI\\Onkar Ople', 'vms': 34.7890625}
{'pid': 10568, 'name': 'chrome.exe', 'username': 'MSI\\Onkar Ople', 'vms': 17.5625}
{'pid': 10632, 'name': 'explorer.exe', 'username': 'MSI\\Onkar Ople', 'vms': 103.91796875}
{'pid': 11136, 'name': 'svchost.exe', 'username': 'MSI\\Onkar Ople', 'vms': 7.9609375}
{'pid': 11480, 'name': 'NVIDIA Share.exe', 'username': 'MSI\\Onkar Ople', 'vms': 32.13671875}
{'pid': 11616, 'name': 'Widgets.exe', 'username': 'MSI\\Onkar Ople', 'vms': 8.90625}
{'pid': 11660, 'name': 'SearchHost.exe', 'username': 'MSI\\Onkar Ople', 'vms': 102.6796875}
{'pid': 11708, 'name': 'StartMenuExperienceHost.exe', 'username': 'MSI\\Onkar Ople', 'vms': 26.4765625}
{'pid': 11936, 'name': 'ApplicationFrameHost.exe', 'username': 'MSI\\Onkar Ople', 'vms': 21.79296875}
{'pid': 11964, 'name': 'svchost.exe', 'username': 'MSI\\Onkar Ople', 'vms': 1.98828125}
{'pid': 11976, 'name': 'AnyDesk.exe', 'username': 'MSI\\Onkar Ople', 'vms': 20.7734375}
{'pid': 11992, 'name': 'TextInputHost.exe', 'username': 'MSI\\Onkar Ople', 'vms': 15.5390625}
{'pid': 12072, 'name': 'RuntimeBroker.exe', 'username': 'MSI\\Onkar Ople', 'vms': 5.90625}
{'pid': 12240, 'name': 'Code.exe', 'username': 'MSI\\Onkar Ople', 'vms': 19.8515625}
{'pid': 12248, 'name': 'Code.exe', 'username': 'MSI\\Onkar Ople', 'vms': 10.71875}
{'pid': 12424, 'name': 'dllhost.exe', 'username': 'MSI\\Onkar Ople', 'vms': 6.48046875}
{'pid': 12524, 'name': 'GameBar.exe', 'username': 'MSI\\Onkar Ople', 'vms': 20.4921875}
{'pid': 12564, 'name': 'UserOOBEBroker.exe', 'username': 'MSI\\Onkar Ople', 'vms': 1.9921875}
{'pid': 12992, 'name': 'helper.exe', 'username': 'MSI\\Onkar Ople', 'vms': 6.0}
{'pid': 13036, 'name': 'RtkAudUService64.exe', 'username': 'MSI\\Onkar Ople', 'vms': 7.05078125}
{'pid': 13372, 'name': 'Cortana.exe', 'username': 'MSI\\Onkar Ople', 'vms': 34.69921875}
{'pid': 13524, 'name': 'Code.exe', 'username': 'MSI\\Onkar Ople', 'vms': 60.671875}
{'pid': 13840, 'name': 'SearchProtocolHost.exe', 'username': 'MSI\\Onkar Ople', 'vms': 2.16796875}
{'pid': 13880, 'name': 'chrome.exe', 'username': 'MSI\\Onkar Ople', 'vms': 18.5625}
{'pid': 14244, 'name': 'msedge.exe', 'username': 'MSI\\Onkar Ople', 'vms': 2.0}
{'pid': 14280, 'name': 'chrome.exe', 'username': 'MSI\\Onkar Ople', 'vms': 100.44140625}
{'pid': 14292, 'name': 'conhost.exe', 'username': 'MSI\\Onkar Ople', 'vms': 5.421875}
{'pid': 14360, 'name': 'chrome.exe', 'username': 'MSI\\Onkar Ople', 'vms': 28.12109375}
{'pid': 14568, 'name': 'msedge.exe', 'username': 'MSI\\Onkar Ople', 'vms': 24.9609375}
{'pid': 14580, 'name': 'msedge.exe', 'username': 'MSI\\Onkar Ople', 'vms': 12.078125}
{'pid': 14604, 'name': 'msedge.exe', 'username': 'MSI\\Onkar Ople', 'vms': 7.63671875}
{'pid': 14744, 'name': 'chrome.exe', 'username': 'MSI\\Onkar Ople', 'vms': 76.5859375}
{'pid': 14772, 'name': 'msedge.exe', 'username': 'MSI\\Onkar Ople', 'vms': 16.5859375}
{'pid': 14888, 'name': 'Video.UI.exe', 'username': 'MSI\\Onkar Ople', 'vms': 17.46875}
{'pid': 15120, 'name': 'SystemSettings.exe', 'username': 'MSI\\Onkar Ople', 'vms': 39.3359375}
{'pid': 15160, 'name': 'msedge.exe', 'username': 'MSI\\Onkar Ople', 'vms': 19.05859375}
{'pid': 15168, 'name': 'msedge.exe', 'username': 'MSI\\Onkar Ople', 'vms': 77.79296875}
{'pid': 15584, 'name': 'RuntimeBroker.exe', 'username': 'MSI\\Onkar Ople', 'vms': 4.515625}
{'pid': 15600, 'name': 'chrome.exe', 'username': 'MSI\\Onkar Ople', 'vms': 11.640625}
{'pid': 15640, 'name': 'RuntimeBroker.exe', 'username': 'MSI\\Onkar Ople', 'vms': 3.21484375}
{'pid': 15800, 'name': 'svchost.exe', 'username': 'MSI\\Onkar Ople', 'vms': 5.79296875}
{'pid': 15808, 'name': 'chrome.exe', 'username': 'MSI\\Onkar Ople', 'vms': 15.984375}
{'pid': 15952, 'name': 'IAStorIcon.exe', 'username': 'MSI\\Onkar Ople', 'vms': 34.9296875}
{'pid': 16052, 'name': 'dllhost.exe', 'username': 'MSI\\Onkar Ople', 'vms': 1.49609375}
{'pid': 16428, 'name': 'Code.exe', 'username': 'MSI\\Onkar Ople', 'vms': 183.5390625}
{'pid': 16432, 'name': 'conhost.exe', 'username': 'MSI\\Onkar Ople', 'vms': 5.29296875}
{'pid': 16600, 'name': 'chrome.exe', 'username': 'MSI\\Onkar Ople', 'vms': 155.2578125}
{'pid': 17132, 'name': 'cpptools.exe', 'username': 'MSI\\Onkar Ople', 'vms': 5.67578125}
{'pid': 17136, 'name': 'Code.exe', 'username': 'MSI\\Onkar Ople', 'vms': 22.43359375}
{'pid': 17180, 'name': 'chrome.exe', 'username': 'MSI\\Onkar Ople', 'vms': 22.703125}
{'pid': 17328, 'name': 'chrome.exe', 'username': 'MSI\\Onkar Ople', 'vms': 30.24609375}
{'pid': 17596, 'name': 'chrome.exe', 'username': 'MSI\\Onkar Ople', 'vms': 20.2265625}
{'pid': 17792, 'name': 'chrome.exe', 'username': 'MSI\\Onkar Ople', 'vms': 16.12890625}
{'pid': 17804, 'name': 'Code.exe', 'username': 'MSI\\Onkar Ople', 'vms': 94.2421875}
{'pid': 18776, 'name': 'chrome.exe', 'username': 'MSI\\Onkar Ople', 'vms': 19.953125}
{'pid': 19036, 'name': 'RuntimeBroker.exe', 'username': 'MSI\\Onkar Ople', 'vms': 3.53125}
{'pid': 19188, 'name': 'LockApp.exe', 'username': 'MSI\\Onkar Ople', 'vms': 13.12890625}
{'pid': 19552, 'name': 'chrome.exe', 'username': 'MSI\\Onkar Ople', 'vms': 7.94140625}
{'pid': 19696, 'name': 'cmd.exe', 'username': 'MSI\\Onkar Ople', 'vms': 2.49609375}
{'pid': 20428, 'name': 'conhost.exe', 'username': 'MSI\\Onkar Ople', 'vms': 6.44140625}
